<?xml version="1.0" encoding="UTF-8"?>
<!-- Generated by org.testng.reporters.JUnitReportReporter -->
<testsuite hostname="LAPTOP-S0IS0QVR" failures="0" tests="1" name="Programs.Alertts" time="6.119" errors="0" timestamp="2023-05-16T08:45:13 IST" skipped="0">
  <testcase classname="Programs.Alertts" name="alertandle" time="6.119"/>
  <system-out/>
</testsuite> <!-- Programs.Alertts -->
